<?xml version="1.0" encoding="UTF-8"?>
<testng-results ignored="0" total="3" passed="3" failed="0" skipped="0">
  <reporter-output>
  </reporter-output>
  <suite started-at="2023-01-05T09:20:49 IST" name="Suite" finished-at="2023-01-05T09:21:11 IST" duration-ms="21991">
    <groups>
    </groups>
    <test started-at="2023-01-05T09:20:49 IST" name="Test" finished-at="2023-01-05T09:21:11 IST" duration-ms="21991">
      <class name="Factory">
        <test-method is-config="true" signature="beforeSuite()[pri:0, instance:Factory@19976a65]" started-at="2023-01-05T09:20:45 IST" name="beforeSuite" finished-at="2023-01-05T09:20:49 IST" duration-ms="4018" status="PASS">
          <reporter-output>
          </reporter-output>
        </test-method> <!-- beforeSuite -->
        <test-method signature="IMDB_Test()[pri:0, instance:Factory@19976a65]" started-at="2023-01-05T09:20:49 IST" name="IMDB_Test" finished-at="2023-01-05T09:21:04 IST" duration-ms="15367" status="PASS">
          <reporter-output>
          </reporter-output>
        </test-method> <!-- IMDB_Test -->
        <test-method signature="Wiki_Test()[pri:0, instance:Factory@19976a65]" started-at="2023-01-05T09:21:04 IST" name="Wiki_Test" finished-at="2023-01-05T09:21:11 IST" duration-ms="6522" status="PASS">
          <reporter-output>
          </reporter-output>
        </test-method> <!-- Wiki_Test -->
        <test-method signature="compareData()[pri:0, instance:Factory@19976a65]" started-at="2023-01-05T09:21:11 IST" name="compareData" finished-at="2023-01-05T09:21:11 IST" duration-ms="4" status="PASS">
          <reporter-output>
          </reporter-output>
        </test-method> <!-- compareData -->
        <test-method is-config="true" signature="afterSuite()[pri:0, instance:Factory@19976a65]" started-at="2023-01-05T09:21:11 IST" name="afterSuite" finished-at="2023-01-05T09:21:12 IST" duration-ms="552" status="PASS">
          <reporter-output>
          </reporter-output>
        </test-method> <!-- afterSuite -->
      </class> <!-- Factory -->
    </test> <!-- Test -->
  </suite> <!-- Suite -->
</testng-results>
